Flutter crash report.
Please report a bug at https://github.com/flutter/flutter/issues.

## command

flutter run -d chrome

## exception

ProcessException: ProcessException: The command failed
Stdout:

Stderr:
[/home/dii/snap/flutter/common/flutter/bin/cache/downloads/storage.googleapis.com/flutter_infra/flutter/a0da844845f54b82e1dabef14fe96d50938ee489/sky_engine.zip]
  End-of-central-directory signature not found.  Either this file is not
  a zipfile, or it constitutes one disk of a multi-part archive.  In the
  latter case the central directory and zipfile comment will be found on
  the last disk(s) of this archive.
unzip:  cannot find zipfile directory in one of /home/dii/snap/flutter/common/flutter/bin/cache/downloads/storage.googleapis.com/flutter_infra/flutter/a0da844845f54b82e1dabef14fe96d50938ee489/sky_engine.zip or
        /home/dii/snap/flutter/common/flutter/bin/cache/downloads/storage.googleapis.com/flutter_infra/flutter/a0da844845f54b82e1dabef14fe96d50938ee489/sky_engine.zip.zip, and cannot find /home/dii/snap/flutter/common/flutter/bin/cache/downloads/storage.googleapis.com/flutter_infra/flutter/a0da844845f54b82e1dabef14fe96d50938ee489/sky_engine.zip.ZIP, period.

  Command: unzip -o -q /home/dii/snap/flutter/common/flutter/bin/cache/downloads/storage.googleapis.com/flutter_infra/flutter/a0da844845f54b82e1dabef14fe96d50938ee489/sky_engine.zip -d /home/dii/snap/flutter/common/flutter/bin/cache/pkg

```
#0      RunResult.throwException (package:flutter_tools/src/base/process.dart:171:5)
#1      _DefaultProcessUtils.runSync (package:flutter_tools/src/base/process.dart:458:17)
#2      _PosixUtils.unzip (package:flutter_tools/src/base/os.dart:221:21)
#3      ArtifactUpdater._downloadArchive (package:flutter_tools/src/cache.dart:1794:18)
<asynchronous suspension>
#4      EngineCachedArtifact.updateInner (package:flutter_tools/src/cache.dart:914:7)
<asynchronous suspension>
#5      CachedArtifact.update (package:flutter_tools/src/cache.dart:693:5)
<asynchronous suspension>
#6      Cache.updateAll (package:flutter_tools/src/cache.dart:563:9)
<asynchronous suspension>
#7      FlutterCommand.verifyThenRunCommand (package:flutter_tools/src/runner/flutter_command.dart:1074:7)
<asynchronous suspension>
#8      FlutterCommand.run.<anonymous closure> (package:flutter_tools/src/runner/flutter_command.dart:974:27)
<asynchronous suspension>
#9      AppContext.run.<anonymous closure> (package:flutter_tools/src/base/context.dart:150:19)
<asynchronous suspension>
#10     AppContext.run (package:flutter_tools/src/base/context.dart:149:12)
<asynchronous suspension>
#11     CommandRunner.runCommand (package:args/command_runner.dart:197:13)
<asynchronous suspension>
#12     FlutterCommandRunner.runCommand.<anonymous closure> (package:flutter_tools/src/runner/flutter_command_runner.dart:264:9)
<asynchronous suspension>
#13     AppContext.run.<anonymous closure> (package:flutter_tools/src/base/context.dart:150:19)
<asynchronous suspension>
#14     AppContext.run (package:flutter_tools/src/base/context.dart:149:12)
<asynchronous suspension>
#15     FlutterCommandRunner.runCommand (package:flutter_tools/src/runner/flutter_command_runner.dart:220:5)
<asynchronous suspension>
#16     run.<anonymous closure>.<anonymous closure> (package:flutter_tools/runner.dart:63:9)
<asynchronous suspension>
#17     run.<anonymous closure> (package:flutter_tools/runner.dart:61:12)
<asynchronous suspension>
#18     AppContext.run.<anonymous closure> (package:flutter_tools/src/base/context.dart:150:19)
<asynchronous suspension>
#19     AppContext.run (package:flutter_tools/src/base/context.dart:149:12)
<asynchronous suspension>
#20     runInContext (package:flutter_tools/src/context_runner.dart:70:10)
<asynchronous suspension>
#21     main (package:flutter_tools/executable.dart:90:3)
<asynchronous suspension>
```

## flutter doctor

```
[✓] Flutter (Channel master, 1.24.0-8.0.pre.321, on Linux, locale fr_FR.UTF-8)
    • Flutter version 1.24.0-8.0.pre.321 at /home/dii/snap/flutter/common/flutter
    • Framework revision 05dadb0120 (il y a 7 heures), 2020-11-20 07:33:05 +0530
    • Engine revision a0da844845
    • Dart version 2.12.0 (build 2.12.0-50.0.dev)

[✓] Android toolchain - develop for Android devices (Android SDK version 30.0.2)
    • Android SDK at /home/dii/Android/Sdk
    • Platform android-30, build-tools 30.0.2
    • Java binary at: /usr/bin/java
    • Java version OpenJDK Runtime Environment (build 1.8.0_275-8u275-b01-0ubuntu1~20.04-b01)
    • All Android licenses accepted.

[✓] Chrome - develop for the web
    • Chrome at google-chrome

[!] Android Studio (not installed)
    • Android Studio not found; download from https://developer.android.com/studio/index.html
      (or visit https://flutter.dev/docs/get-started/install/linux#android-setup for detailed instructions).

[✓] Connected device (3 available)
    • SM A107F (mobile) • R9AN90T3N4J • android-arm    • Android 10 (API 29)
    • Web Server (web)  • web-server  • web-javascript • Flutter Tools
    • Chrome (web)      • chrome      • web-javascript • Google Chrome 86.0.4240.198

! Doctor found issues in 1 category.
```
